This is cutadapt 4.1 with Python 3.9.0
Command line parameters: -a AGATCGGAAGAGCACACGTCTGAACTCCAGTCAC -A AGATCGGAAGAGCGTCGTGTAGGGAAAGAGTGT -m 10 -j 8 -o /Users/xuwenli/Documents/GitHub/NAME-seq/NAMEseq_output/trimmed_fastq/HPJP26-NAME-seq_sampled_R1_trimmed.fastq.gz -p /Users/xuwenli/Documents/GitHub/NAME-seq/NAMEseq_output/trimmed_fastq/HPJP26-NAME-seq_sampled_R2_trimmed.fastq.gz /Users/xuwenli/Documents/GitHub/NAME-seq/NAMEseq_output/deduped_fastq/HPJP26-NAME-seq_sampled_R1_dedupe.fastq.gz /Users/xuwenli/Documents/GitHub/NAME-seq/NAMEseq_output/deduped_fastq/HPJP26-NAME-seq_sampled_R2_dedupe.fastq.gz -u 9 -U 9
Processing paired-end reads on 8 cores ...
Finished in 8.33 s (8 µs/read; 7.18 M reads/minute).

=== Summary ===

Total read pairs processed:            997,427
  Read 1 with adapter:                 385,418 (38.6%)
  Read 2 with adapter:                 394,830 (39.6%)

== Read fate breakdown ==
Pairs that were too short:               1,964 (0.2%)
Pairs written (passing filters):       995,463 (99.8%)

Total basepairs processed:   159,588,320 bp
  Read 1:    79,794,160 bp
  Read 2:    79,794,160 bp
Total written (filtered):    124,600,392 bp (78.1%)
  Read 1:    62,286,600 bp
  Read 2:    62,313,792 bp

=== First read: Adapter 1 ===

Sequence: AGATCGGAAGAGCACACGTCTGAACTCCAGTCAC; Type: regular 3'; Length: 34; Trimmed: 385418 times

Minimum overlap: 3
No. of allowed errors:
1-9 bp: 0; 10-19 bp: 1; 20-29 bp: 2; 30-34 bp: 3

Bases preceding removed adapters:
  A: 26.2%
  C: 22.0%
  G: 19.8%
  T: 31.9%
  none/other: 0.1%

Overview of removed sequences
length	count	expect	max.err	error counts
3	21541	15584.8	0	21541
4	14102	3896.2	0	14102
5	11756	974.0	0	11756
6	11519	243.5	0	11519
7	11609	60.9	0	11609
8	11230	15.2	0	11230
9	10823	3.8	0	10752 71
10	11255	1.0	1	10510 745
11	11134	0.2	1	10365 769
12	10759	0.1	1	10007 752
13	10472	0.0	1	9855 617
14	10417	0.0	1	9604 813
15	10310	0.0	1	9538 772
16	9684	0.0	1	8968 716
17	9345	0.0	1	8617 728
18	9225	0.0	1	8465 751 9
19	9154	0.0	1	8397 740 17
20	9042	0.0	2	8041 807 194
21	8679	0.0	2	7717 790 172
22	8464	0.0	2	7483 800 181
23	8293	0.0	2	7297 800 196
24	7962	0.0	2	7034 751 177
25	7797	0.0	2	6762 834 201
26	7296	0.0	2	6287 817 192
27	7240	0.0	2	6230 823 184 3
28	7134	0.0	2	6170 788 171 5
29	6678	0.0	2	5733 779 153 13
30	6526	0.0	3	5453 814 185 74
31	6123	0.0	3	5256 662 134 71
32	5936	0.0	3	5019 695 162 60
33	5645	0.0	3	4814 636 140 55
34	5390	0.0	3	4558 641 134 57
35	5365	0.0	3	4547 596 155 67
36	5116	0.0	3	4386 567 111 52
37	5068	0.0	3	4372 536 116 44
38	4989	0.0	3	4253 588 101 47
39	4804	0.0	3	4100 543 113 48
40	4598	0.0	3	3919 529 108 42
41	4283	0.0	3	3707 452 84 40
42	4083	0.0	3	3489 488 69 37
43	3948	0.0	3	3376 448 84 40
44	3768	0.0	3	3244 415 57 52
45	3531	0.0	3	3038 382 72 39
46	3448	0.0	3	3002 348 57 41
47	3285	0.0	3	2823 367 69 26
48	3305	0.0	3	2876 330 66 33
49	2901	0.0	3	2518 290 61 32
50	2707	0.0	3	2371 258 56 22
51	2441	0.0	3	2117 257 48 19
52	2223	0.0	3	1927 232 42 22
53	2074	0.0	3	1836 185 36 17
54	1833	0.0	3	1593 196 28 16
55	1510	0.0	3	1293 166 37 14
56	1464	0.0	3	1246 165 37 16
57	1195	0.0	3	1027 131 28 9
58	1027	0.0	3	866 125 26 10
59	806	0.0	3	701 78 19 8
60	644	0.0	3	556 74 11 3
61	503	0.0	3	426 61 15 1
62	395	0.0	3	338 43 9 5
63	292	0.0	3	246 33 11 2
64	216	0.0	3	189 25 0 2
65	140	0.0	3	119 16 3 2
66	127	0.0	3	114 5 6 2
67	123	0.0	3	102 17 3 1
68	105	0.0	3	92 9 2 2
69	103	0.0	3	82 17 3 1
70	122	0.0	3	105 15 1 1
71	336	0.0	3	172 111 34 19


=== Second read: Adapter 2 ===

Sequence: AGATCGGAAGAGCGTCGTGTAGGGAAAGAGTGT; Type: regular 3'; Length: 33; Trimmed: 394830 times

Minimum overlap: 3
No. of allowed errors:
1-9 bp: 0; 10-19 bp: 1; 20-29 bp: 2; 30-33 bp: 3

Bases preceding removed adapters:
  A: 43.0%
  C: 30.8%
  G: 12.2%
  T: 13.9%
  none/other: 0.1%

Overview of removed sequences
length	count	expect	max.err	error counts
3	25754	15584.8	0	25754
4	14192	3896.2	0	14192
5	12347	974.0	0	12347
6	11932	243.5	0	11932
7	11997	60.9	0	11997
8	11652	15.2	0	11652
9	11263	3.8	0	11237 26
10	11846	1.0	1	11110 736
11	11630	0.2	1	10740 890
12	11332	0.1	1	10569 763
13	11025	0.0	1	10358 667
14	10993	0.0	1	10263 730
15	10764	0.0	1	9941 823
16	10110	0.0	1	9311 799
17	9857	0.0	1	9130 727
18	9687	0.0	1	8895 780 12
19	9691	0.0	1	8886 742 63
20	9679	0.0	2	7913 1419 347
21	9144	0.0	2	5248 3445 451
22	8902	0.0	2	6513 1851 538
23	8703	0.0	2	6593 1563 547
24	8260	0.0	2	6314 1358 588
25	7880	0.0	2	5042 2084 754
26	7368	0.0	2	5575 1200 593
27	7110	0.0	2	5469 1216 423 2
28	6820	0.0	2	4331 1835 642 12
29	6436	0.0	2	4661 1285 462 28
30	6367	0.0	3	4459 1234 439 235
31	5988	0.0	3	4221 1142 416 209
32	5747	0.0	3	4015 1119 408 205
33	5445	0.0	3	3907 994 358 186
34	5228	0.0	3	3774 968 331 155
35	5135	0.0	3	3640 951 375 169
36	4953	0.0	3	3580 879 341 153
37	4875	0.0	3	3468 919 340 148
38	4803	0.0	3	3477 899 286 141
39	4636	0.0	3	3320 868 293 155
40	4416	0.0	3	3139 820 309 148
41	4106	0.0	3	2974 721 284 127
42	3922	0.0	3	2773 726 286 137
43	3796	0.0	3	2696 706 280 114
44	3641	0.0	3	2547 657 284 153
45	3400	0.0	3	2457 603 222 118
46	3335	0.0	3	2415 591 209 120
47	3160	0.0	3	2223 621 203 113
48	3195	0.0	3	2331 527 220 117
49	2776	0.0	3	1994 514 185 83
50	2617	0.0	3	1850 508 177 82
51	2357	0.0	3	1658 458 158 83
52	2129	0.0	3	1487 435 134 73
53	2008	0.0	3	1412 380 151 65
54	1757	0.0	3	1214 355 121 67
55	1445	0.0	3	973 303 118 51
56	1404	0.0	3	975 276 109 44
57	1143	0.0	3	847 188 60 48
58	976	0.0	3	666 189 92 29
59	763	0.0	3	516 171 56 20
60	620	0.0	3	429 118 49 24
61	475	0.0	3	323 98 35 19
62	382	0.0	3	286 62 20 14
63	269	0.0	3	179 60 23 7
64	203	0.0	3	148 40 8 7
65	133	0.0	3	95 25 10 3
66	118	0.0	3	78 27 8 5
67	114	0.0	3	82 26 5 1
68	101	0.0	3	65 20 11 5
69	96	0.0	3	63 20 11 2
70	117	0.0	3	82 23 10 2
71	305	0.0	3	140 93 47 25
