This is cutadapt 4.1 with Python 3.9.0
Command line parameters: -a AGATCGGAAGAGCACACGTCTGAACTCCAGTCAC -m 10 -j 8 -o /Users/xuwenli/Documents/GitHub/NAME-seq/NAMEseq_output/trimmed_fastq/HPJP26-NAME-seq_sampled_R1_trimmed.fastq.gz /Users/xuwenli/Documents/GitHub/NAME-seq/NAMEseq_output/deduped_fastq/HPJP26-NAME-seq_sampled_R1_dedupe.fastq.gz -u 9
Processing single-end reads on 8 cores ...
Finished in 2.70 s (3 µs/read; 21.60 M reads/minute).

=== Summary ===

Total reads processed:                 971,729
Reads with adapters:                   384,409 (39.6%)

== Read fate breakdown ==
Reads that were too short:               1,959 (0.2%)
Reads written (passing filters):       969,770 (99.8%)

Total basepairs processed:    77,738,320 bp
Total written (filtered):     60,469,227 bp (77.8%)

=== Adapter 1 ===

Sequence: AGATCGGAAGAGCACACGTCTGAACTCCAGTCAC; Type: regular 3'; Length: 34; Trimmed: 384409 times

Minimum overlap: 3
No. of allowed errors:
1-9 bp: 0; 10-19 bp: 1; 20-29 bp: 2; 30-34 bp: 3

Bases preceding removed adapters:
  A: 26.2%
  C: 21.9%
  G: 19.8%
  T: 32.0%
  none/other: 0.1%

Overview of removed sequences
length	count	expect	max.err	error counts
3	20789	15183.3	0	20789
4	14070	3795.8	0	14070
5	11742	949.0	0	11742
6	11512	237.2	0	11512
7	11600	59.3	0	11600
8	11218	14.8	0	11218
9	10814	3.7	0	10743 71
10	11246	0.9	1	10501 745
11	11120	0.2	1	10351 769
12	10749	0.1	1	9997 752
13	10467	0.0	1	9851 616
14	10410	0.0	1	9597 813
15	10305	0.0	1	9533 772
16	9679	0.0	1	8963 716
17	9340	0.0	1	8613 727
18	9220	0.0	1	8460 751 9
19	9155	0.0	1	8398 740 17
20	9037	0.0	2	8036 807 194
21	8671	0.0	2	7710 789 172
22	8453	0.0	2	7474 798 181
23	8287	0.0	2	7292 799 196
24	7957	0.0	2	7030 750 177
25	7792	0.0	2	6757 834 201
26	7294	0.0	2	6285 817 192
27	7235	0.0	2	6226 822 184 3
28	7126	0.0	2	6162 788 171 5
29	6676	0.0	2	5731 779 153 13
30	6520	0.0	3	5449 812 185 74
31	6120	0.0	3	5253 662 134 71
32	5931	0.0	3	5013 696 162 60
33	5641	0.0	3	4810 636 140 55
34	5386	0.0	3	4555 641 134 56
35	5361	0.0	3	4544 595 155 67
36	5114	0.0	3	4384 567 111 52
37	5066	0.0	3	4370 536 116 44
38	4986	0.0	3	4250 588 101 47
39	4801	0.0	3	4097 543 113 48
40	4592	0.0	3	3913 529 108 42
41	4281	0.0	3	3705 452 84 40
42	4079	0.0	3	3485 488 69 37
43	3945	0.0	3	3373 448 84 40
44	3767	0.0	3	3243 415 57 52
45	3530	0.0	3	3037 382 72 39
46	3448	0.0	3	3002 348 57 41
47	3285	0.0	3	2823 367 69 26
48	3305	0.0	3	2876 330 66 33
49	2901	0.0	3	2518 290 61 32
50	2707	0.0	3	2371 258 56 22
51	2441	0.0	3	2117 257 48 19
52	2223	0.0	3	1927 232 42 22
53	2074	0.0	3	1836 185 36 17
54	1833	0.0	3	1593 196 28 16
55	1510	0.0	3	1293 166 37 14
56	1464	0.0	3	1246 165 37 16
57	1195	0.0	3	1027 131 28 9
58	1027	0.0	3	866 125 26 10
59	806	0.0	3	701 78 19 8
60	644	0.0	3	556 74 11 3
61	503	0.0	3	426 61 15 1
62	395	0.0	3	338 43 9 5
63	292	0.0	3	246 33 11 2
64	216	0.0	3	189 25 0 2
65	140	0.0	3	119 16 3 2
66	127	0.0	3	114 5 6 2
67	123	0.0	3	102 17 3 1
68	105	0.0	3	92 9 2 2
69	103	0.0	3	82 17 3 1
70	122	0.0	3	105 15 1 1
71	336	0.0	3	172 111 34 19
