Building DAG of jobs...
Using shell: /bin/bash
Provided cores: 1 (use --cores to define parallelism)
Rules claiming more threads will be scaled down.
Job stats:
job                    count    min threads    max threads
-------------------  -------  -------------  -------------
all                        1              1              1
data_proprocess            1              1              1
igvtools                   2              1              1
sam_tag_filtering          1              1              1
samtools_sort_index        2              1              1
total                      7              1              1

Select jobs to execute...
Select jobs to execute...
Select jobs to execute...
Select jobs to execute...
Select jobs to execute...
Select jobs to execute...
Select jobs to execute...
Complete log: .snakemake/log/2022-09-18T174636.343048.snakemake.log
