Building DAG of jobs...
Using shell: /bin/bash
Provided cores: 1 (use --cores to define parallelism)
Rules claiming more threads will be scaled down.
Job stats:
job                       count    min threads    max threads
----------------------  -------  -------------  -------------
all                           1              1              1
bowtie2_align                 1              1              1
data_proprocess               1              1              1
fastq_AT_convert              2              1              1
igvtools                      2              1              1
mapped_fastq_filtering        2              1              1
sam_tag_filtering             1              1              1
sam_to_original_pe            1              1              1
samtools_calmd                2              1              1
samtools_sort_index           2              1              1
trimming                      1              1              1
total                        16              1              1

Select jobs to execute...
Select jobs to execute...
Select jobs to execute...
Select jobs to execute...
Select jobs to execute...
Removing temporary output NAMEseq_output/mapped_fastq/HPJP26-Input-native_R1_mapped.readid.
Select jobs to execute...
Removing temporary output NAMEseq_output/mapped_fastq/HPJP26-Input-native_R2_mapped.readid.
Select jobs to execute...
Select jobs to execute...
Select jobs to execute...
Select jobs to execute...
Select jobs to execute...
Select jobs to execute...
Select jobs to execute...
Select jobs to execute...
Select jobs to execute...
Select jobs to execute...
Removing temporary output NAMEseq_output/mapped_fastq/HPJP26-Input-native_R1_mapped.fastq.
Removing temporary output NAMEseq_output/mapped_fastq/HPJP26-Input-native_R2_mapped.fastq.
Complete log: .snakemake/log/2022-09-18T170931.823996.snakemake.log
