Building DAG of jobs...
Using shell: /bin/bash
Provided cores: 1 (use --cores to define parallelism)
Rules claiming more threads will be scaled down.
Job stats:
job                    count    min threads    max threads
-------------------  -------  -------------  -------------
all                        1              1              1
bowtie2_align              1              1              1
data_proprocess            1              1              1
dedupe                     1              1              1
fastq_AT_convert           1              1              1
igvtools                   2              1              1
sam_tag_filtering          1              1              1
sam_to_original_se         1              1              1
samtools_calmd             2              1              1
samtools_sort_index        2              1              1
trimming                   1              1              1
total                     14              1              1

Select jobs to execute...
Select jobs to execute...
Select jobs to execute...
Select jobs to execute...
Select jobs to execute...
Select jobs to execute...
Select jobs to execute...
Select jobs to execute...
Select jobs to execute...
Select jobs to execute...
Select jobs to execute...
Select jobs to execute...
Select jobs to execute...
Select jobs to execute...
Complete log: .snakemake/log/2023-02-24T141108.585234.snakemake.log
