Building DAG of jobs...
Using shell: /bin/bash
Provided cores: 8
Rules claiming more threads will be scaled down.
Job stats:
job                         count    min threads    max threads
------------------------  -------  -------------  -------------
all                             1              1              1
bowtie2_align                   1              8              8
data_proprocess                 1              1              1
data_proprocess_cytosine        1              1              1
dedupe                          1              1              1
fastq_AT_convert                1              1              1
igvtools                        2              1              1
mapped_fastq_filtering          1              1              1
sam_tag_filtering               1              1              1
sam_to_original_se              1              1              1
samtools_calmd                  2              8              8
samtools_sort_index             2              8              8
trimming                        1              8              8
trimming2                       1              8              8
total                          17              1              8

Select jobs to execute...
Select jobs to execute...
Removing temporary output /Users/xuwenli/Documents/GitHub/NAME-seq/NAMEseq_output/deduped_fastq/HPJP26-NAME-seq_sampled_R1_dedupe.fastq.gz.
Select jobs to execute...
Removing temporary output /Users/xuwenli/Documents/GitHub/NAME-seq/NAMEseq_output/trimmed_fastq/HPJP26-NAME-seq_sampled_R1_trimmed.fastq.gz.
Select jobs to execute...
Select jobs to execute...
Removing temporary output /Users/xuwenli/Documents/GitHub/NAME-seq/NAMEseq_output/converted_fastq/HPJP26-NAME-seq_sampled_R1_trimmed2_AT_only.fastq.
Select jobs to execute...
Removing temporary output /Users/xuwenli/Documents/GitHub/NAME-seq/NAMEseq_output/trimmed_fastq/HPJP26-NAME-seq_sampled_R1_trimmed2.fastq.
Removing temporary output results/mapped_fastq/HPJP26-NAME-seq_sampled_R1_mapped.readid.
Select jobs to execute...
[Sat Aug 17 17:30:13 2024]
Error in rule sam_to_original_se:
    jobid: 4
    output: /Users/xuwenli/Documents/GitHub/NAME-seq/NAMEseq_output/original_sam/HPJP26-NAME-seq_sampled_R1_original_reads_fwd.sam, /Users/xuwenli/Documents/GitHub/NAME-seq/NAMEseq_output/original_sam/HPJP26-NAME-seq_sampled_R1_original_reads_rev.sam
    shell:
        
        python3 scripts/sam_to_original_se.py /Users/xuwenli/Documents/GitHub/NAME-seq/NAMEseq_output/converted_sam/HPJP26-NAME-seq_sampled_R1_trimmed2_AT_only.sam /Users/xuwenli/Documents/GitHub/NAME-seq/NAMEseq_output/mapped_fastq/HPJP26-NAME-seq_sampled_R1_mapped.fastq /Users/xuwenli/Documents/GitHub/NAME-seq/NAMEseq_output/original_sam/HPJP26-NAME-seq_sampled_R1_original_reads_fwd.sam /Users/xuwenli/Documents/GitHub/NAME-seq/NAMEseq_output/original_sam/HPJP26-NAME-seq_sampled_R1_original_reads_rev.sam 
        
        (one of the commands exited with non-zero exit code; note that snakemake uses bash strict mode!)

Removing output files of failed job sam_to_original_se since they might be corrupted:
/Users/xuwenli/Documents/GitHub/NAME-seq/NAMEseq_output/original_sam/HPJP26-NAME-seq_sampled_R1_original_reads_fwd.sam, /Users/xuwenli/Documents/GitHub/NAME-seq/NAMEseq_output/original_sam/HPJP26-NAME-seq_sampled_R1_original_reads_rev.sam
Shutting down, this might take some time.
Exiting because a job execution failed. Look above for error message
Complete log: .snakemake/log/2024-08-17T172924.609226.snakemake.log
